c:\users\bintr\desktop\coding - scripting\c++\visual studio\the bintr bunk\the bintr bunk\release\vc140.pdb
c:\users\bintr\desktop\coding - scripting\c++\visual studio\the bintr bunk\the bintr bunk\release\region.obj
c:\users\bintr\desktop\coding - scripting\c++\visual studio\the bintr bunk\the bintr bunk\release\player.obj
c:\users\bintr\desktop\coding - scripting\c++\visual studio\the bintr bunk\the bintr bunk\release\physicsstuff.obj
c:\users\bintr\desktop\coding - scripting\c++\visual studio\the bintr bunk\the bintr bunk\release\particle.obj
c:\users\bintr\desktop\coding - scripting\c++\visual studio\the bintr bunk\the bintr bunk\release\menuobjects.obj
c:\users\bintr\desktop\coding - scripting\c++\visual studio\the bintr bunk\the bintr bunk\release\menufunctions.obj
c:\users\bintr\desktop\coding - scripting\c++\visual studio\the bintr bunk\the bintr bunk\release\main.obj
c:\users\bintr\desktop\coding - scripting\c++\visual studio\the bintr bunk\the bintr bunk\release\loadresources.obj
c:\users\bintr\desktop\coding - scripting\c++\visual studio\the bintr bunk\the bintr bunk\release\invitem.obj
c:\users\bintr\desktop\coding - scripting\c++\visual studio\the bintr bunk\the bintr bunk\release\globals.obj
c:\users\bintr\desktop\coding - scripting\c++\visual studio\the bintr bunk\the bintr bunk\release\gameobject.obj
c:\users\bintr\desktop\coding - scripting\c++\visual studio\the bintr bunk\the bintr bunk\release\gamefunction.obj
c:\users\bintr\desktop\coding - scripting\c++\visual studio\the bintr bunk\the bintr bunk\release\bintrstools.obj
c:\users\bintr\desktop\coding - scripting\c++\visual studio\the bintr bunk\the bintr bunk\release\enemy.obj
c:\users\bintr\desktop\coding - scripting\c++\visual studio\the bintr bunk\the bintr bunk\release\item.obj
c:\users\bintr\desktop\coding - scripting\c++\visual studio\the bintr bunk\the bintr bunk\release\weapon.obj
c:\users\bintr\desktop\coding - scripting\c++\visual studio\the bintr bunk\the bintr bunk\release\hat.obj
c:\users\bintr\desktop\coding - scripting\c++\visual studio\the bintr bunk\the bintr bunk\release\bullet.obj
c:\users\bintr\desktop\coding - scripting\c++\visual studio\the bintr bunk\the bintr bunk\release\grenade.obj
c:\users\bintr\desktop\coding - scripting\c++\visual studio\the bintr bunk\the bintr bunk\release\thingtestshit.obj
c:\users\bintr\desktop\coding - scripting\c++\visual studio\the bintr bunk\the bintr bunk\release\renderfunc.obj
c:\users\bintr\desktop\coding - scripting\c++\visual studio\the bintr bunk\the bintr bunk\release\physfunc.obj
c:\users\bintr\desktop\coding - scripting\c++\visual studio\the bintr bunk\the bintr bunk\release\animfunc.obj
c:\users\bintr\desktop\coding - scripting\c++\visual studio\the bintr bunk\the bintr bunk\release\glinfo.obj
c:\users\bintr\desktop\coding - scripting\c++\visual studio\the bintr bunk\the bintr bunk\release\bintrimage.obj
c:\users\bintr\desktop\coding - scripting\c++\visual studio\the bintr bunk\the bintr bunk\release\body.obj
c:\users\bintr\desktop\coding - scripting\c++\visual studio\the bintr bunk\the bintr bunk\release\imageobj.obj
c:\users\bintr\desktop\coding - scripting\c++\visual studio\the bintr bunk\release\the bintr bunk.exe
c:\users\bintr\desktop\coding - scripting\c++\visual studio\the bintr bunk\release\the bintr bunk.ipdb
c:\users\bintr\desktop\coding - scripting\c++\visual studio\the bintr bunk\release\the bintr bunk.iobj
c:\users\bintr\desktop\coding - scripting\c++\visual studio\the bintr bunk\release\the bintr bunk.pdb
c:\users\bintr\desktop\coding - scripting\c++\visual studio\the bintr bunk\the bintr bunk\release\simplex.obj
c:\users\bintr\desktop\coding - scripting\c++\visual studio\the bintr bunk\the bintr bunk\release\the bintr bunk.tlog\cl.command.1.tlog
c:\users\bintr\desktop\coding - scripting\c++\visual studio\the bintr bunk\the bintr bunk\release\the bintr bunk.tlog\cl.read.1.tlog
c:\users\bintr\desktop\coding - scripting\c++\visual studio\the bintr bunk\the bintr bunk\release\the bintr bunk.tlog\cl.write.1.tlog
c:\users\bintr\desktop\coding - scripting\c++\visual studio\the bintr bunk\the bintr bunk\release\the bintr bunk.tlog\link.command.1.tlog
c:\users\bintr\desktop\coding - scripting\c++\visual studio\the bintr bunk\the bintr bunk\release\the bintr bunk.tlog\link.read.1.tlog
c:\users\bintr\desktop\coding - scripting\c++\visual studio\the bintr bunk\the bintr bunk\release\the bintr bunk.tlog\link.write.1.tlog
